<?xml version="1.0" encoding="utf-8"?><testsuites name="pytest tests"><testsuite name="pytest" errors="0" failures="0" skipped="0" tests="10" time="1.905" timestamp="2026-07-14T17:56:20.594374+00:00" hostname="agent-env-51646dce-60c9-4e78-8670-d43631d93e87"><testcase classname="tests.test_phase2" name="test_pipeline_statuses" time="0.235" /><testcase classname="tests.test_phase2" name="test_list_houses_seeded_commune" time="0.160" /><testcase classname="tests.test_phase2" name="test_list_houses_min_score_filter" time="0.058" /><testcase classname="tests.test_phase2" name="test_get_single_house" time="0.197" /><testcase classname="tests.test_phase2" name="test_get_house_unknown" time="0.062" /><testcase classname="tests.test_phase2" name="test_patch_house_full" time="0.309" /><testcase classname="tests.test_phase2" name="test_patch_house_invalid_status" time="0.202" /><testcase classname="tests.test_phase2" name="test_patch_house_unknown" time="0.067" /><testcase classname="tests.test_phase2" name="test_pipeline_overview" time="0.063" /><testcase classname="tests.test_phase2" name="test_stats_new_fields" time="0.064" /></testsuite></testsuites>