<?xml version="1.0" encoding="utf-8"?><testsuites name="pytest tests"><testsuite name="pytest" errors="0" failures="0" skipped="0" tests="12" time="2.487" timestamp="2026-07-14T18:15:52.056825+00:00" hostname="agent-env-51646dce-60c9-4e78-8670-d43631d93e87"><testcase classname="tests.test_phase3.TestMairie" name="test_mairie_gruffy" time="0.306" /><testcase classname="tests.test_phase3.TestTourPdf" name="test_pdf_generation" time="0.877" /><testcase classname="tests.test_phase3.TestMairie" name="test_mairie_cache" time="0.258" /><testcase classname="tests.test_phase3.TestMairie" name="test_mairie_404" time="0.167" /><testcase classname="tests.test_phase3.TestCommunes" name="test_list_returns_25" time="0.112" /><testcase classname="tests.test_phase3.TestCommunes" name="test_gruffy_details" time="0.105" /><testcase classname="tests.test_phase3.TestTourPdf" name="test_pdf_empty_400" time="0.160" /><testcase classname="tests.test_phase3.TestDiscovery" name="test_status_shape" time="0.115" /><testcase classname="tests.test_phase3.TestTourPdf" name="test_pdf_too_many_400" time="0.112" /><testcase classname="tests.test_phase3.TestDiscovery" name="test_start_idempotent_if_running" time="0.580" /><testcase classname="tests.test_phase3.TestTourPdf" name="test_pdf_unknown_ids_404" time="0.139" /><testcase classname="tests.test_phase3.TestTourPdf" name="test_pdf_route_starts_with_best_score" time="0.658" /></testsuite></testsuites>