<?xml version="1.0" encoding="utf-8"?><testsuites name="pytest tests"><testsuite name="pytest" errors="0" failures="0" skipped="0" tests="8" time="2.136" timestamp="2026-07-14T18:28:32.781265+00:00" hostname="agent-env-51646dce-60c9-4e78-8670-d43631d93e87"><testcase classname="tests.test_phase4.TestEnrichment" name="test_enrichment_status_shape" time="0.345" /><testcase classname="tests.test_phase4.TestEcosysteme" name="test_gruffy_ecosysteme_shape" time="0.324" /><testcase classname="tests.test_phase4.TestEcosysteme" name="test_gruffy_ecosysteme_cached_second_call" time="0.099" /><testcase classname="tests.test_phase4.TestEnrichment" name="test_enrichment_start_returns_started_or_already" time="0.261" /><testcase classname="tests.test_phase4.TestEcosysteme" name="test_ecosysteme_unknown_commune_404" time="0.070" /><testcase classname="tests.test_phase4.TestHousesEnriched" name="test_some_houses_have_bdtopo_match" time="0.132" /><testcase classname="tests.test_phase4.TestEnrichment" name="test_enrichment_start_second_call_already_running" time="1.052" /><testcase classname="tests.test_phase4.TestHousesEnriched" name="test_get_single_enriched_house" time="0.180" /></testsuite></testsuites>